<?xml version="1.0" encoding="UTF-8"?>
<!-- Generated by org.testng.reporters.JUnitReportReporter -->
<testsuite skipped="0" hostname="sumaiya" name="testCases.TC004_DeleteLead" tests="1" failures="0" timestamp="2020-09-13T10:46:07 EDT" time="26.785" errors="0">
  <testcase name="TCDeleteLead" time="26.785" classname="testCases.TC004_DeleteLead"/>
</testsuite> <!-- testCases.TC004_DeleteLead -->
