<?xml version="1.0" encoding="UTF-8"?>
<!-- Generated by org.testng.reporters.JUnitReportReporter -->
<testsuite skipped="0" hostname="sumaiya" name="testCases.TC003_EditLead" tests="1" failures="0" timestamp="2020-09-13T12:25:11 EDT" time="26.482" errors="0">
  <testcase name="editLead" time="26.482" classname="testCases.TC003_EditLead"/>
</testsuite> <!-- testCases.TC003_EditLead -->
