<?xml version="1.0" encoding="UTF-8"?>
<!-- Generated by org.testng.reporters.JUnitReportReporter -->
<testsuite skipped="0" hostname="sumaiya" name="testCases.TC001_DeleteLead" tests="1" failures="0" timestamp="2020-08-30T00:28:14 EDT" time="24.322" errors="0">
  <testcase name="TCDeleteLead" time="24.322" classname="testCases.TC001_DeleteLead"/>
</testsuite> <!-- testCases.TC001_DeleteLead -->
