<?xml version="1.0" encoding="UTF-8"?>
<!-- Generated by org.testng.reporters.JUnitReportReporter -->
<testsuite skipped="0" hostname="sumaiya" name="testCases.TC002_CreateLead" tests="1" failures="0" timestamp="2020-11-08T09:53:22 EST" time="30.813" errors="0">
  <testcase name="createLead" time="30.813" classname="testCases.TC002_CreateLead"/>
</testsuite> <!-- testCases.TC002_CreateLead -->
