<?xml version="1.0" encoding="UTF-8"?>
<!-- Generated by org.testng.reporters.JUnitReportReporter -->
<testsuite skipped="1" hostname="sumaiya" name="stepsDefinition.RunnerFile" tests="1" failures="0" timestamp="2020-09-20T19:35:23 EDT" time="0.311" errors="0">
  <testcase name="runScenario" time="0.311" classname="stepsDefinition.RunnerFile">
    <skipped/>
  </testcase> <!-- runScenario -->
</testsuite> <!-- stepsDefinition.RunnerFile -->
