<?xml version="1.0" encoding="UTF-8"?>
<!-- Generated by org.testng.reporters.JUnitReportReporter -->
<testsuite skipped="0" hostname="sumaiya" name="testCases.TC001_LoginLogout" tests="1" failures="0" timestamp="2021-03-11T12:50:45 EST" time="15.210" errors="0">
  <testcase name="loginLogout" time="15.210" classname="testCases.TC001_LoginLogout"/>
</testsuite> <!-- testCases.TC001_LoginLogout -->
